Microsoft (R) Macro Assembler Version 14.24.28315.0	    07/25/20 08:11:06
CS2810 Assembler Templat				     Page 1 - 1


				TITLE CS2810 Assembler Template

				; Student Name:
				; Assignment Due Date:

				INCLUDE Irvine32.inc
			      C ; Include file for Irvine32.lib             (Irvine32.inc)
			      C 
			      C ;OPTION CASEMAP:NONE		; optional: make identifiers case-sensitive
			      C 
			      C INCLUDE SmallWin.inc		; MS-Windows prototypes, structures, and constants
			      C .NOLIST
			      C .LIST
			      C 
			      C INCLUDE VirtualKeys.inc
			      C ; VirtualKeys.inc
			      C .NOLIST
			      C .LIST
			      C 
			      C 
			      C .NOLIST
			      C .LIST
			      C 
 00000000			.data
					;--------- Enter Data Here
 00000000 4D 50 45 47 20		vMpeg25 BYTE "MPEG Audio Version 2.5",0
	   41 75 64 69 6F
	   20 56 65 72 73
	   69 6F 6E 20 32
	   2E 35 00
 00000017 4D 50 45 47 20		vMpeg20 BYTE "MPEG Audio Version 2.0", 0
	   41 75 64 69 6F
	   20 56 65 72 73
	   69 6F 6E 20 32
	   2E 30 00
 0000002E 4D 50 45 47 20		vMpeg10 BYTE "MPEG Audio Version 1.0",0
	   41 75 64 69 6F
	   20 56 65 72 73
	   69 6F 6E 20 31
	   2E 30 00
 00000045 4D 50 45 47 20		vMpegRe BYTE "MPEG Reserved",0
	   52 65 73 65 72
	   76 65 64 00
 00000053 43 53 32 38 31		vSemester BYTE "CS2810 Summer Semester 2020",0
	   30 20 53 75 6D
	   6D 65 72 20 53
	   65 6D 65 73 74
	   65 72 20 32 30
	   32 30 00
 0000006F 41 73 73 65 6D		vAssignment BYTE "Assembler Assignment #3",0
	   62 6C 65 72 20
	   41 73 73 69 67
	   6E 6D 65 6E 74
	   20 23 33 00
 00000087 53 74 65 70 68		vName BYTE "Stephanie Stamm",0
	   61 6E 69 65 20
	   53 74 61 6D 6D
	   00
 00000097 50 6C 65 61 73		vPrompt BYTE "Please enter an MP3 frame header in hex format: ",0
	   65 20 65 6E 74
	   65 72 20 61 6E
	   20 4D 50 33 20
	   66 72 61 6D 65
	   20 68 65 61 64
	   65 72 20 69 6E
	   20 68 65 78 20
	   66 6F 72 6D 61
	   74 3A 20 00
 000000C8 52 65 73 65 72		vReserved BYTE "Reserved",0
	   76 65 64 00
 000000D1 4C 61 79 65 72		vLayer3 BYTE "Layer III",0
	   20 49 49 49 00
 000000DB 4C 61 79 65 72		vLayer2 BYTE "Layer II",0
	   20 49 49 00
 000000E4 4C 61 79 65 72		vLayer1 BYTE "Layer I",0
	   20 49 00
 000000EC 34 34 31 30 30		v44100hz BYTE "44100 Hz",0
	   20 48 7A 00
 000000F5 32 32 30 35 30		v22050hz BYTE "22050 Hz",0
	   20 48 7A 00
 000000FE 31 31 30 32 35		v11025hz BYTE "11025 Hz",0
	   20 48 7A 00
 00000107 34 38 30 30 30		v48000hz BYTE "48000 Hz",0
	   20 48 7A 00
 00000110 32 34 30 30 30		v24000hz BYTE "24000 Hz",0
	   20 48 7A 00
 00000119 31 32 30 30 30		v12000hz BYTE "12000 Hz",0
	   20 48 7A 00
 00000122 33 32 30 30 30		v32000hz BYTE "32000 Hz",0
	   20 48 7A 00
 0000012B 31 36 30 30 30		v16000hz BYTE "16000 Hz",0
	   20 48 7A 00
 00000134 38 30 30 30 20		v8000hz BYTE "8000 Hz",0
	   48 7A 00

					
 00000000			.code
 00000000			main PROC
					;--------- Enter Code Below Here


 00000000  E8 0000002D			call DisplaySemester
 00000005  E8 0000003C			call DisplayAssignment
 0000000A  E8 0000004B			call DisplayName
 0000000F  E8 0000005A			call PromptUser
 00000014  E8 00000069			call ReadMp3Header
 00000019  E8 00000075			call DisplayVersion
 0000001E  E8 000000C0			call DisplayLayerDesc
 00000023  E8 00000106			call DisplaySamplingRate
 00000028  E8 00000195			call EndProgram

 0000002D  E8 00000000 E		call clrscr


 00000032				DisplaySemester:
 00000032  B6 0A				mov dh, 10
 00000034  B2 0C				mov dl, 12
 00000036  E8 00000000 E			call gotoxy

 0000003B  BA 00000053 R			mov edx, offset vSemester
 00000040  E8 00000000 E			call WriteString
						
 00000045  C3					ret


 00000046				DisplayAssignment:
 00000046  B6 0B				mov dh, 11
 00000048  B2 0C				mov dl, 12
 0000004A  E8 00000000 E			call gotoxy
						
 0000004F  BA 0000006F R			mov edx, offset vAssignment
 00000054  E8 00000000 E			call WriteString				; always calls what is in EDX register
						
 00000059  C3					ret


 0000005A				DisplayName:
 0000005A  B6 0C				mov dh, 12
 0000005C  B2 0C				mov dl, 12
 0000005E  E8 00000000 E			call gotoxy

 00000063  BA 00000087 R			mov edx, offset vName
 00000068  E8 00000000 E			call WriteString
						
 0000006D  C3					ret


 0000006E				PromptUser:
 0000006E  B6 0D				mov dh, 13
 00000070  B2 0C				mov dl, 12
 00000072  E8 00000000 E			call gotoxy

 00000077  BA 00000097 R			mov edx, offset vPrompt
 0000007C  E8 00000000 E			call WriteString

 00000081  C3					ret


 00000082				ReadMp3Header:
 00000082  B6 0E				mov dh, 14
 00000084  B2 0C				mov dl, 12
 00000086  E8 00000000 E			call gotoxy
						
 0000008B  E8 00000000 E			call ReadHex
 00000090  8B C8				mov ecx, eax

 00000092  C3					ret



 00000093				DisplayVersion:
 00000093  B6 0F				mov dh, 15
 00000095  B2 0C				mov dl, 12
 00000097  E8 00000000 E			call gotoxy

 0000009C  8B C1				mov eax, ecx				; Numbers need to start with digit, so by adding the 0 we indicate to Assembly to read hex value as number
								;AAAAAAAAAAABBCCDEEEEFFGHIIJJKLMM
 0000009E  25 00180000				and eax, 00000000000110000000000000000000b	; isolates the MPEG Audio version ID (Bs)
 000000A3  C1 E8 13				shr eax, 19

 000000A6  83 F8 00				cmp eax, 00b
 000000A9  74 1A				jz dMpeg25						; if eax register contains 00, jump to the method dMpeg25

 000000AB  83 F8 01				cmp eax, 01b
 000000AE  74 29				jz dMpegRe

 000000B0  83 F8 02				cmp eax, 10b
 000000B3  74 1A				jz dMpeg20

 000000B5  BA 0000002E R			mov edx, offset vMpeg10
 000000BA  E9 000000FD				jmp DisplayString

 000000BF  E8 00000000 E			call WriteString
						
 000000C4  C3					ret


 000000C5				dMpeg25:
 000000C5  BA 00000000 R			mov edx, offset vMpeg25
 000000CA  E9 000000ED				jmp DisplayString

 000000CF				dMpeg20:
 000000CF  BA 00000017 R			mov edx, offset vMpeg20
 000000D4  E9 000000E3				jmp DisplayString

 000000D9				dMpegRe:
 000000D9  BA 00000045 R			mov edx, offset vMpegRe
 000000DE  E9 000000D9				jmp DisplayString


 000000E3				DisplayLayerDesc:
 000000E3  B6 10				mov dh, 16
 000000E5  B2 0C				mov dl, 12
 000000E7  E8 00000000 E			call gotoxy

 000000EC  8B C1				mov eax, ecx
								;AAAAAAAAAAABBCCDEEEEFFGHIIJJKLMM
 000000EE  25 00060000				and eax, 00000000000001100000000000000000b
 000000F3  C1 E8 11				shr eax, 17

 000000F6  83 F8 00				cmp eax, 00b
 000000F9  74 15				jz dReserved

 000000FB  83 F8 01				cmp eax, 01b
 000000FE  74 1A				jz dLayer3

 00000100  83 F8 02				cmp eax, 10b
 00000103  74 1F				jz dLayer2

 00000105  BA 000000E4 R			mov edx, offset vLayer1
 0000010A  E9 000000AD				jmp DisplayString

 0000010F  C3					ret

 00000110				dReserved:
 00000110  BA 000000C8 R			mov edx, offset vReserved
 00000115  E9 000000A2				jmp DisplayString

 0000011A				dLayer3:
 0000011A  BA 000000D1 R			mov edx, offset vLayer3
 0000011F  E9 00000098				jmp DisplayString

 00000124				dLayer2:
 00000124  BA 000000DB R			mov edx, offset vLayer2
 00000129  E9 0000008E				jmp DisplayString



 0000012E				DisplaySamplingRate:
 0000012E  B6 11				mov dh, 17
 00000130  B2 0C				mov dl, 12
 00000132  E8 00000000 E			call gotoxy

 00000137  8B C1				mov eax, ecx
 00000139  25 00180C00				and eax, 00000000000110000000110000000000b				; isolate B and F bits together
 0000013E  C1 E8 0A				shr eax, 10			; 11000000011

						;---- MPEG version 2.5 conditionals
 00000141  83 F8 00				cmp eax, 00000000000b
 00000144  74 37				jz d11025hz

 00000146  83 F8 01				cmp eax, 00000000001b
 00000149  74 39				jz d12000hz

 0000014B  83 F8 02				cmp eax, 00000000010b
 0000014E  74 3B				jz d8000hz


						;---- MPEG version 2.0 conditionals
 00000150  3D 00000400				cmp eax, 10000000000b
 00000155  74 3B				jz d22050hz

 00000157  3D 00000401				cmp eax, 10000000001b
 0000015C  74 3B				jz d24000hz

 0000015E  3D 00000402				cmp eax, 10000000010b
 00000163  74 3B				jz d16000hz


						;---- MPEG version 1.0 conditionals
 00000165  3D 00000600				cmp eax, 11000000000b
 0000016A  74 3B				jz d44100Hz

 0000016C  3D 00000601				cmp eax, 11000000001b
 00000171  74 3B				jz d48000hz

 00000173  3D 00000602				cmp eax, 11000000010b
 00000178  74 3B				jz d32000hz

 0000017A  EB 94				jmp dReserved

 0000017C  C3					ret

					;---- MPEG version 2.5 helper functions
 0000017D				d11025hz:
 0000017D  BA 000000FE R			mov edx, offset v11025hz
 00000182  EB 38				jmp DisplayString

 00000184				d12000hz:
 00000184  BA 00000119 R			mov edx, offset v12000hz
 00000189  EB 31				jmp DisplayString

 0000018B				d8000hz:
 0000018B  BA 00000134 R			mov edx, offset v8000hz
 00000190  EB 2A				jmp DisplayString

					;---- MPEG version 2.0 helper functions
 00000192				d22050hz:
 00000192  BA 000000F5 R			mov edx, offset v22050hz
 00000197  EB 23				jmp DisplayString

 00000199				d24000hz:
 00000199  BA 00000110 R			mov edx, offset v24000hz
 0000019E  EB 1C				jmp DisplayString

 000001A0				d16000hz:
 000001A0  BA 0000012B R			mov edx, offset v16000hz
 000001A5  EB 15				jmp DisplayString


					;---- MPEG version 1.0 helper functions
 000001A7				d44100Hz:
 000001A7  BA 000000EC R			mov edx, offset v44100Hz
 000001AC  EB 0E				jmp DisplayString

 000001AE				d48000hz:
 000001AE  BA 00000107 R			mov edx, offset v48000hz
 000001B3  EB 07				jmp DisplayString

 000001B5				d32000hz:
 000001B5  BA 00000122 R			mov edx, offset v32000hz
 000001BA  EB 00				jmp DisplayString



 000001BC				DisplayString:
 000001BC  E8 00000000 E			call WriteString			; always prints from the EDX register
 000001C1  C3					ret

 000001C2				EndProgram:
 000001C2  33 C9				xor ecx, ecx
						exit
 000001CB  C3					ret

					
 000001CC  E8 00000000 E	call ReadChar
 000001D1			main ENDP

				END main
Microsoft (R) Macro Assembler Version 14.24.28315.0	    07/25/20 08:11:06
CS2810 Assembler Templat				     Symbols 2 - 1




Structures and Unions:

                N a m e                  Size
                                         Offset      Type

CONSOLE_CURSOR_INFO  . . . . . .	 00000008
  dwSize . . . . . . . . . . . .	 00000000	 DWord
  bVisible . . . . . . . . . . .	 00000004	 DWord
CONSOLE_SCREEN_BUFFER_INFO . . .	 00000016
  dwSize . . . . . . . . . . . .	 00000000	 DWord
  dwCursorPosition . . . . . . .	 00000004	 DWord
  wAttributes  . . . . . . . . .	 00000008	 Word
  srWindow . . . . . . . . . . .	 0000000A	 QWord
  dwMaximumWindowSize  . . . . .	 00000012	 DWord
COORD  . . . . . . . . . . . . .	 00000004
  X  . . . . . . . . . . . . . .	 00000000	 Word
  Y  . . . . . . . . . . . . . .	 00000002	 Word
FILETIME . . . . . . . . . . . .	 00000008
  loDateTime . . . . . . . . . .	 00000000	 DWord
  hiDateTime . . . . . . . . . .	 00000004	 DWord
FOCUS_EVENT_RECORD . . . . . . .	 00000004
  bSetFocus  . . . . . . . . . .	 00000000	 DWord
FPU_ENVIRON  . . . . . . . . . .	 0000001C
  controlWord  . . . . . . . . .	 00000000	 Word
  statusWord . . . . . . . . . .	 00000004	 Word
  tagWord  . . . . . . . . . . .	 00000008	 Word
  instrPointerOffset . . . . . .	 0000000C	 DWord
  instrPointerSelector . . . . .	 00000010	 DWord
  operandPointerOffset . . . . .	 00000014	 DWord
  operandPointerSelector . . . .	 00000018	 Word
INPUT_RECORD . . . . . . . . . .	 00000014
  EventType  . . . . . . . . . .	 00000000	 Word
  Event  . . . . . . . . . . . .	 00000004	 XmmWord
  bKeyDown . . . . . . . . . . .	 00000000	 DWord
  wRepeatCount . . . . . . . . .	 00000004	 Word
  wVirtualKeyCode  . . . . . . .	 00000006	 Word
  wVirtualScanCode . . . . . . .	 00000008	 Word
  uChar  . . . . . . . . . . . .	 0000000A	 Word
  UnicodeChar  . . . . . . . . .	 00000000	 Word
  AsciiChar  . . . . . . . . . .	 00000000	 Byte
  dwControlKeyState  . . . . . .	 0000000C	 DWord
  dwMousePosition  . . . . . . .	 00000000	 DWord
  dwButtonState  . . . . . . . .	 00000004	 DWord
  dwMouseControlKeyState . . . .	 00000008	 DWord
  dwEventFlags . . . . . . . . .	 0000000C	 DWord
  dwSize . . . . . . . . . . . .	 00000000	 DWord
  dwCommandId  . . . . . . . . .	 00000000	 DWord
  bSetFocus  . . . . . . . . . .	 00000000	 DWord
KEY_EVENT_RECORD . . . . . . . .	 00000010
  bKeyDown . . . . . . . . . . .	 00000000	 DWord
  wRepeatCount . . . . . . . . .	 00000004	 Word
  wVirtualKeyCode  . . . . . . .	 00000006	 Word
  wVirtualScanCode . . . . . . .	 00000008	 Word
  uChar  . . . . . . . . . . . .	 0000000A	 Word
  UnicodeChar  . . . . . . . . .	 00000000	 Word
  AsciiChar  . . . . . . . . . .	 00000000	 Byte
  dwControlKeyState  . . . . . .	 0000000C	 DWord
MENU_EVENT_RECORD  . . . . . . .	 00000004
  dwCommandId  . . . . . . . . .	 00000000	 DWord
MOUSE_EVENT_RECORD . . . . . . .	 00000010
  dwMousePosition  . . . . . . .	 00000000	 DWord
  dwButtonState  . . . . . . . .	 00000004	 DWord
  dwMouseControlKeyState . . . .	 00000008	 DWord
  dwEventFlags . . . . . . . . .	 0000000C	 DWord
SMALL_RECT . . . . . . . . . . .	 00000008
  Left . . . . . . . . . . . . .	 00000000	 Word
  Top  . . . . . . . . . . . . .	 00000002	 Word
  Right  . . . . . . . . . . . .	 00000004	 Word
  Bottom . . . . . . . . . . . .	 00000006	 Word
SYSTEMTIME . . . . . . . . . . .	 00000010
  wYear  . . . . . . . . . . . .	 00000000	 Word
  wMonth . . . . . . . . . . . .	 00000002	 Word
  wDayOfWeek . . . . . . . . . .	 00000004	 Word
  wDay . . . . . . . . . . . . .	 00000006	 Word
  wHour  . . . . . . . . . . . .	 00000008	 Word
  wMinute  . . . . . . . . . . .	 0000000A	 Word
  wSecond  . . . . . . . . . . .	 0000000C	 Word
  wMilliseconds  . . . . . . . .	 0000000E	 Word
WINDOW_BUFFER_SIZE_RECORD  . . .	 00000004
  dwSize . . . . . . . . . . . .	 00000000	 DWord


Segments and Groups:

                N a m e                 Size     Length   Align   Combine Class

FLAT . . . . . . . . . . . . . .	GROUP
STACK  . . . . . . . . . . . . .	32 Bit	 00001000 Para	  Stack	  'STACK'	 
_DATA  . . . . . . . . . . . . .	32 Bit	 0000013C Para	  Public  'DATA'	
_TEXT  . . . . . . . . . . . . .	32 Bit	 000001D1 Para	  Public  'CODE'	


Procedures, parameters, and locals:

                N a m e                 Type     Value    Attr

CloseFile  . . . . . . . . . . .	P Near	 00000000 FLAT	Length= 00000000 External STDCALL
CloseHandle  . . . . . . . . . .	P Near	 00000000 FLAT	Length= 00000000 External STDCALL
Clrscr . . . . . . . . . . . . .	P Near	 00000000 FLAT	Length= 00000000 External STDCALL
CreateFileA  . . . . . . . . . .	P Near	 00000000 FLAT	Length= 00000000 External STDCALL
CreateOutputFile . . . . . . . .	P Near	 00000000 FLAT	Length= 00000000 External STDCALL
Crlf . . . . . . . . . . . . . .	P Near	 00000000 FLAT	Length= 00000000 External STDCALL
Delay  . . . . . . . . . . . . .	P Near	 00000000 FLAT	Length= 00000000 External STDCALL
DumpMem  . . . . . . . . . . . .	P Near	 00000000 FLAT	Length= 00000000 External STDCALL
DumpRegs . . . . . . . . . . . .	P Near	 00000000 FLAT	Length= 00000000 External STDCALL
ExitProcess  . . . . . . . . . .	P Near	 00000000 FLAT	Length= 00000000 External STDCALL
FileTimeToDosDateTime  . . . . .	P Near	 00000000 FLAT	Length= 00000000 External STDCALL
FileTimeToSystemTime . . . . . .	P Near	 00000000 FLAT	Length= 00000000 External STDCALL
FlushConsoleInputBuffer  . . . .	P Near	 00000000 FLAT	Length= 00000000 External STDCALL
FormatMessageA . . . . . . . . .	P Near	 00000000 FLAT	Length= 00000000 External STDCALL
GetCommandLineA  . . . . . . . .	P Near	 00000000 FLAT	Length= 00000000 External STDCALL
GetCommandTail . . . . . . . . .	P Near	 00000000 FLAT	Length= 00000000 External STDCALL
GetConsoleCP . . . . . . . . . .	P Near	 00000000 FLAT	Length= 00000000 External STDCALL
GetConsoleCursorInfo . . . . . .	P Near	 00000000 FLAT	Length= 00000000 External STDCALL
GetConsoleMode . . . . . . . . .	P Near	 00000000 FLAT	Length= 00000000 External STDCALL
GetConsoleScreenBufferInfo . . .	P Near	 00000000 FLAT	Length= 00000000 External STDCALL
GetDateTime  . . . . . . . . . .	P Near	 00000000 FLAT	Length= 00000000 External STDCALL
GetFileTime  . . . . . . . . . .	P Near	 00000000 FLAT	Length= 00000000 External STDCALL
GetKeyState  . . . . . . . . . .	P Near	 00000000 FLAT	Length= 00000000 External STDCALL
GetLastError . . . . . . . . . .	P Near	 00000000 FLAT	Length= 00000000 External STDCALL
GetLocalTime . . . . . . . . . .	P Near	 00000000 FLAT	Length= 00000000 External STDCALL
GetMaxXY . . . . . . . . . . . .	P Near	 00000000 FLAT	Length= 00000000 External STDCALL
GetMseconds  . . . . . . . . . .	P Near	 00000000 FLAT	Length= 00000000 External STDCALL
GetNumberOfConsoleInputEvents  .	P Near	 00000000 FLAT	Length= 00000000 External STDCALL
GetProcessHeap . . . . . . . . .	P Near	 00000000 FLAT	Length= 00000000 External STDCALL
GetStdHandle . . . . . . . . . .	P Near	 00000000 FLAT	Length= 00000000 External STDCALL
GetSystemTime  . . . . . . . . .	P Near	 00000000 FLAT	Length= 00000000 External STDCALL
GetTextColor . . . . . . . . . .	P Near	 00000000 FLAT	Length= 00000000 External STDCALL
GetTickCount . . . . . . . . . .	P Near	 00000000 FLAT	Length= 00000000 External STDCALL
Gotoxy . . . . . . . . . . . . .	P Near	 00000000 FLAT	Length= 00000000 External STDCALL
HeapAlloc  . . . . . . . . . . .	P Near	 00000000 FLAT	Length= 00000000 External STDCALL
HeapCreate . . . . . . . . . . .	P Near	 00000000 FLAT	Length= 00000000 External STDCALL
HeapDestroy  . . . . . . . . . .	P Near	 00000000 FLAT	Length= 00000000 External STDCALL
HeapFree . . . . . . . . . . . .	P Near	 00000000 FLAT	Length= 00000000 External STDCALL
HeapSize . . . . . . . . . . . .	P Near	 00000000 FLAT	Length= 00000000 External STDCALL
IsDigit  . . . . . . . . . . . .	P Near	 00000000 FLAT	Length= 00000000 External STDCALL
LocalFree  . . . . . . . . . . .	P Near	 00000000 FLAT	Length= 00000000 External STDCALL
MessageBoxA  . . . . . . . . . .	P Near	 00000000 FLAT	Length= 00000000 External STDCALL
MsgBoxAsk  . . . . . . . . . . .	P Near	 00000000 FLAT	Length= 00000000 External STDCALL
MsgBox . . . . . . . . . . . . .	P Near	 00000000 FLAT	Length= 00000000 External STDCALL
OpenInputFile  . . . . . . . . .	P Near	 00000000 FLAT	Length= 00000000 External STDCALL
ParseDecimal32 . . . . . . . . .	P Near	 00000000 FLAT	Length= 00000000 External STDCALL
ParseInteger32 . . . . . . . . .	P Near	 00000000 FLAT	Length= 00000000 External STDCALL
PeekConsoleInputA  . . . . . . .	P Near	 00000000 FLAT	Length= 00000000 External STDCALL
Random32 . . . . . . . . . . . .	P Near	 00000000 FLAT	Length= 00000000 External STDCALL
RandomRange  . . . . . . . . . .	P Near	 00000000 FLAT	Length= 00000000 External STDCALL
Randomize  . . . . . . . . . . .	P Near	 00000000 FLAT	Length= 00000000 External STDCALL
ReadChar . . . . . . . . . . . .	P Near	 00000000 FLAT	Length= 00000000 External STDCALL
ReadConsoleA . . . . . . . . . .	P Near	 00000000 FLAT	Length= 00000000 External STDCALL
ReadConsoleInputA  . . . . . . .	P Near	 00000000 FLAT	Length= 00000000 External STDCALL
ReadDec  . . . . . . . . . . . .	P Near	 00000000 FLAT	Length= 00000000 External STDCALL
ReadFile . . . . . . . . . . . .	P Near	 00000000 FLAT	Length= 00000000 External STDCALL
ReadFloat  . . . . . . . . . . .	P Near	 00000000 FLAT	Length= 00000000 External STDCALL
ReadFromFile . . . . . . . . . .	P Near	 00000000 FLAT	Length= 00000000 External STDCALL
ReadHex  . . . . . . . . . . . .	P Near	 00000000 FLAT	Length= 00000000 External STDCALL
ReadInt  . . . . . . . . . . . .	P Near	 00000000 FLAT	Length= 00000000 External STDCALL
ReadKeyFlush . . . . . . . . . .	P Near	 00000000 FLAT	Length= 00000000 External STDCALL
ReadKey  . . . . . . . . . . . .	P Near	 00000000 FLAT	Length= 00000000 External STDCALL
ReadString . . . . . . . . . . .	P Near	 00000000 FLAT	Length= 00000000 External STDCALL
SetConsoleCursorInfo . . . . . .	P Near	 00000000 FLAT	Length= 00000000 External STDCALL
SetConsoleCursorPosition . . . .	P Near	 00000000 FLAT	Length= 00000000 External STDCALL
SetConsoleMode . . . . . . . . .	P Near	 00000000 FLAT	Length= 00000000 External STDCALL
SetConsoleScreenBufferSize . . .	P Near	 00000000 FLAT	Length= 00000000 External STDCALL
SetConsoleTextAttribute  . . . .	P Near	 00000000 FLAT	Length= 00000000 External STDCALL
SetConsoleTitleA . . . . . . . .	P Near	 00000000 FLAT	Length= 00000000 External STDCALL
SetConsoleWindowInfo . . . . . .	P Near	 00000000 FLAT	Length= 00000000 External STDCALL
SetFilePointer . . . . . . . . .	P Near	 00000000 FLAT	Length= 00000000 External STDCALL
SetLocalTime . . . . . . . . . .	P Near	 00000000 FLAT	Length= 00000000 External STDCALL
SetTextColor . . . . . . . . . .	P Near	 00000000 FLAT	Length= 00000000 External STDCALL
ShowFPUStack . . . . . . . . . .	P Near	 00000000 FLAT	Length= 00000000 External STDCALL
Sleep  . . . . . . . . . . . . .	P Near	 00000000 FLAT	Length= 00000000 External STDCALL
StrLength  . . . . . . . . . . .	P Near	 00000000 FLAT	Length= 00000000 External STDCALL
Str_compare  . . . . . . . . . .	P Near	 00000000 FLAT	Length= 00000000 External STDCALL
Str_copy . . . . . . . . . . . .	P Near	 00000000 FLAT	Length= 00000000 External STDCALL
Str_length . . . . . . . . . . .	P Near	 00000000 FLAT	Length= 00000000 External STDCALL
Str_trim . . . . . . . . . . . .	P Near	 00000000 FLAT	Length= 00000000 External STDCALL
Str_ucase  . . . . . . . . . . .	P Near	 00000000 FLAT	Length= 00000000 External STDCALL
SystemTimeToFileTime . . . . . .	P Near	 00000000 FLAT	Length= 00000000 External STDCALL
WaitMsg  . . . . . . . . . . . .	P Near	 00000000 FLAT	Length= 00000000 External STDCALL
WriteBinB  . . . . . . . . . . .	P Near	 00000000 FLAT	Length= 00000000 External STDCALL
WriteBin . . . . . . . . . . . .	P Near	 00000000 FLAT	Length= 00000000 External STDCALL
WriteChar  . . . . . . . . . . .	P Near	 00000000 FLAT	Length= 00000000 External STDCALL
WriteConsoleA  . . . . . . . . .	P Near	 00000000 FLAT	Length= 00000000 External STDCALL
WriteConsoleOutputAttribute  . .	P Near	 00000000 FLAT	Length= 00000000 External STDCALL
WriteConsoleOutputCharacterA . .	P Near	 00000000 FLAT	Length= 00000000 External STDCALL
WriteDec . . . . . . . . . . . .	P Near	 00000000 FLAT	Length= 00000000 External STDCALL
WriteFile  . . . . . . . . . . .	P Near	 00000000 FLAT	Length= 00000000 External STDCALL
WriteFloat . . . . . . . . . . .	P Near	 00000000 FLAT	Length= 00000000 External STDCALL
WriteHexB  . . . . . . . . . . .	P Near	 00000000 FLAT	Length= 00000000 External STDCALL
WriteHex . . . . . . . . . . . .	P Near	 00000000 FLAT	Length= 00000000 External STDCALL
WriteInt . . . . . . . . . . . .	P Near	 00000000 FLAT	Length= 00000000 External STDCALL
WriteStackFrameName  . . . . . .	P Near	 00000000 FLAT	Length= 00000000 External STDCALL
WriteStackFrame  . . . . . . . .	P Near	 00000000 FLAT	Length= 00000000 External STDCALL
WriteString  . . . . . . . . . .	P Near	 00000000 FLAT	Length= 00000000 External STDCALL
WriteToFile  . . . . . . . . . .	P Near	 00000000 FLAT	Length= 00000000 External STDCALL
WriteWindowsMsg  . . . . . . . .	P Near	 00000000 FLAT	Length= 00000000 External STDCALL
main . . . . . . . . . . . . . .	P Near	 00000000 _TEXT	Length= 000001D1 Public STDCALL
  DisplaySemester  . . . . . . .	L Near	 00000032 _TEXT	
  DisplayAssignment  . . . . . .	L Near	 00000046 _TEXT	
  DisplayName  . . . . . . . . .	L Near	 0000005A _TEXT	
  PromptUser . . . . . . . . . .	L Near	 0000006E _TEXT	
  ReadMp3Header  . . . . . . . .	L Near	 00000082 _TEXT	
  DisplayVersion . . . . . . . .	L Near	 00000093 _TEXT	
  dMpeg25  . . . . . . . . . . .	L Near	 000000C5 _TEXT	
  dMpeg20  . . . . . . . . . . .	L Near	 000000CF _TEXT	
  dMpegRe  . . . . . . . . . . .	L Near	 000000D9 _TEXT	
  DisplayLayerDesc . . . . . . .	L Near	 000000E3 _TEXT	
  dReserved  . . . . . . . . . .	L Near	 00000110 _TEXT	
  dLayer3  . . . . . . . . . . .	L Near	 0000011A _TEXT	
  dLayer2  . . . . . . . . . . .	L Near	 00000124 _TEXT	
  DisplaySamplingRate  . . . . .	L Near	 0000012E _TEXT	
  d11025hz . . . . . . . . . . .	L Near	 0000017D _TEXT	
  d12000hz . . . . . . . . . . .	L Near	 00000184 _TEXT	
  d8000hz  . . . . . . . . . . .	L Near	 0000018B _TEXT	
  d22050hz . . . . . . . . . . .	L Near	 00000192 _TEXT	
  d24000hz . . . . . . . . . . .	L Near	 00000199 _TEXT	
  d16000hz . . . . . . . . . . .	L Near	 000001A0 _TEXT	
  d44100Hz . . . . . . . . . . .	L Near	 000001A7 _TEXT	
  d48000hz . . . . . . . . . . .	L Near	 000001AE _TEXT	
  d32000hz . . . . . . . . . . .	L Near	 000001B5 _TEXT	
  DisplayString  . . . . . . . .	L Near	 000001BC _TEXT	
  EndProgram . . . . . . . . . .	L Near	 000001C2 _TEXT	
printf . . . . . . . . . . . . .	P Near	 00000000 FLAT	Length= 00000000 External C
scanf  . . . . . . . . . . . . .	P Near	 00000000 FLAT	Length= 00000000 External C
wsprintfA  . . . . . . . . . . .	P Near	 00000000 FLAT	Length= 00000000 External C


Symbols:

                N a m e                 Type     Value    Attr

@CodeSize  . . . . . . . . . . .	Number	 00000000h   
@DataSize  . . . . . . . . . . .	Number	 00000000h   
@Interface . . . . . . . . . . .	Number	 00000003h   
@Model . . . . . . . . . . . . .	Number	 00000007h   
@code  . . . . . . . . . . . . .	Text   	 _TEXT
@data  . . . . . . . . . . . . .	Text   	 FLAT
@fardata?  . . . . . . . . . . .	Text   	 FLAT
@fardata . . . . . . . . . . . .	Text   	 FLAT
@stack . . . . . . . . . . . . .	Text   	 FLAT
ALT_MASK . . . . . . . . . . . .	Number	 00000003h   
CAPSLOCK_ON  . . . . . . . . . .	Number	 00000080h   
CREATE_ALWAYS  . . . . . . . . .	Number	 00000002h   
CREATE_NEW . . . . . . . . . . .	Number	 00000001h   
CTRL_MASK  . . . . . . . . . . .	Number	 0000000Ch   
CreateFile . . . . . . . . . . .	Text   	 CreateFileA
DO_NOT_SHARE . . . . . . . . . .	Number	 00000000h   
ENABLE_ECHO_INPUT  . . . . . . .	Number	 00000004h   
ENABLE_LINE_INPUT  . . . . . . .	Number	 00000002h   
ENABLE_MOUSE_INPUT . . . . . . .	Number	 00000010h   
ENABLE_PROCESSED_INPUT . . . . .	Number	 00000001h   
ENABLE_PROCESSED_OUTPUT  . . . .	Number	 00000001h   
ENABLE_WINDOW_INPUT  . . . . . .	Number	 00000008h   
ENABLE_WRAP_AT_EOL_OUTPUT  . . .	Number	 00000002h   
ENHANCED_KEY . . . . . . . . . .	Number	 00000100h   
FALSE  . . . . . . . . . . . . .	Number	 00000000h   
FILE_APPEND_DATA . . . . . . . .	Number	 00000004h   
FILE_ATTRIBUTE_ARCHIVE . . . . .	Number	 00000020h   
FILE_ATTRIBUTE_COMPRESSED  . . .	Number	 00000800h   
FILE_ATTRIBUTE_DEVICE  . . . . .	Number	 00000040h   
FILE_ATTRIBUTE_DIRECTORY . . . .	Number	 00000010h   
FILE_ATTRIBUTE_ENCRYPTED . . . .	Number	 00004000h   
FILE_ATTRIBUTE_HIDDEN  . . . . .	Number	 00000002h   
FILE_ATTRIBUTE_NORMAL  . . . . .	Number	 00000080h   
FILE_ATTRIBUTE_NOT_CONTENT_INDEXED .	Number	 00002000h   
FILE_ATTRIBUTE_OFFLINE . . . . .	Number	 00001000h   
FILE_ATTRIBUTE_READONLY  . . . .	Number	 00000001h   
FILE_ATTRIBUTE_REPARSE_POINT . .	Number	 00000400h   
FILE_ATTRIBUTE_SPARSE_FILE . . .	Number	 00000200h   
FILE_ATTRIBUTE_SYSTEM  . . . . .	Number	 00000004h   
FILE_ATTRIBUTE_TEMPORARY . . . .	Number	 00000100h   
FILE_BEGIN . . . . . . . . . . .	Number	 00000000h   
FILE_CURRENT . . . . . . . . . .	Number	 00000001h   
FILE_DELETE_CHILD  . . . . . . .	Number	 00000040h   
FILE_END . . . . . . . . . . . .	Number	 00000002h   
FILE_READ_DATA . . . . . . . . .	Number	 00000001h   
FILE_SHARE_DELETE  . . . . . . .	Number	 00000004h   
FILE_SHARE_READ  . . . . . . . .	Number	 00000001h   
FILE_SHARE_WRITE . . . . . . . .	Number	 00000002h   
FILE_WRITE_DATA  . . . . . . . .	Number	 00000002h   
FOCUS_EVENT  . . . . . . . . . .	Number	 00000010h   
FORMAT_MESSAGE_ALLOCATE_BUFFER .	Number	 00000100h   
FORMAT_MESSAGE_FROM_SYSTEM . . .	Number	 00001000h   
FormatMessage  . . . . . . . . .	Text   	 FormatMessageA
GENERIC_ALL  . . . . . . . . . .	Number	 10000000h   
GENERIC_EXECUTE  . . . . . . . .	Number	 20000000h   
GENERIC_READ . . . . . . . . . .	Number	 -80000000h   
GENERIC_WRITE  . . . . . . . . .	Number	 40000000h   
GetCommandLine . . . . . . . . .	Text   	 GetCommandLineA
HANDLE . . . . . . . . . . . . .	Text   	 DWORD
HEAP_GENERATE_EXCEPTIONS . . . .	Number	 00000004h   
HEAP_GROWABLE  . . . . . . . . .	Number	 00000002h   
HEAP_NO_SERIALIZE  . . . . . . .	Number	 00000001h   
HEAP_REALLOC_IN_PLACE_ONLY . . .	Number	 00000010h   
HEAP_ZERO_MEMORY . . . . . . . .	Number	 00000008h   
IDABORT  . . . . . . . . . . . .	Number	 00000003h   
IDCANCEL . . . . . . . . . . . .	Number	 00000002h   
IDCLOSE  . . . . . . . . . . . .	Number	 00000008h   
IDCONTINUE . . . . . . . . . . .	Number	 0000000Bh   
IDHELP . . . . . . . . . . . . .	Number	 00000009h   
IDIGNORE . . . . . . . . . . . .	Number	 00000005h   
IDNO . . . . . . . . . . . . . .	Number	 00000007h   
IDOK . . . . . . . . . . . . . .	Number	 00000001h   
IDRETRY  . . . . . . . . . . . .	Number	 00000004h   
IDTIMEOUT  . . . . . . . . . . .	Number	 00007D00h   
IDTRYAGAIN . . . . . . . . . . .	Number	 0000000Ah   
IDYES  . . . . . . . . . . . . .	Number	 00000006h   
INVALID_HANDLE_VALUE . . . . . .	Number	 -00000001h   
KBDOWN_FLAG  . . . . . . . . . .	Number	 00000001h   
KEY_EVENT  . . . . . . . . . . .	Number	 00000001h   
KEY_MASKS  . . . . . . . . . . .	Number	 0000001Fh   
LEFT_ALT_PRESSED . . . . . . . .	Number	 00000002h   
LEFT_CTRL_PRESSED  . . . . . . .	Number	 00000008h   
MB_ABORTRETRYIGNORE  . . . . . .	Number	 00000002h   
MB_APPLMODAL . . . . . . . . . .	Number	 00000000h   
MB_CANCELTRYCONTINUE . . . . . .	Number	 00000006h   
MB_DEFBUTTON1  . . . . . . . . .	Number	 00000000h   
MB_DEFBUTTON2  . . . . . . . . .	Number	 00000100h   
MB_DEFBUTTON3  . . . . . . . . .	Number	 00000200h   
MB_DEFBUTTON4  . . . . . . . . .	Number	 00000300h   
MB_HELP  . . . . . . . . . . . .	Number	 00004000h   
MB_ICONASTERISK  . . . . . . . .	Number	 00000040h   
MB_ICONERROR . . . . . . . . . .	Number	 00000010h   
MB_ICONEXCLAMATION . . . . . . .	Number	 00000030h   
MB_ICONHAND  . . . . . . . . . .	Number	 00000010h   
MB_ICONINFORMATION . . . . . . .	Number	 00000040h   
MB_ICONQUESTION  . . . . . . . .	Number	 00000020h   
MB_ICONSTOP  . . . . . . . . . .	Number	 00000010h   
MB_ICONWARNING . . . . . . . . .	Number	 00000030h   
MB_OKCANCEL  . . . . . . . . . .	Number	 00000001h   
MB_OK  . . . . . . . . . . . . .	Number	 00000000h   
MB_RETRYCANCEL . . . . . . . . .	Number	 00000005h   
MB_SYSTEMMODAL . . . . . . . . .	Number	 00001000h   
MB_TASKMODAL . . . . . . . . . .	Number	 00002000h   
MB_USERICON  . . . . . . . . . .	Number	 00000080h   
MB_YESNOCANCEL . . . . . . . . .	Number	 00000003h   
MB_YESNO . . . . . . . . . . . .	Number	 00000004h   
MENU_EVENT . . . . . . . . . . .	Number	 00000008h   
MOUSE_EVENT  . . . . . . . . . .	Number	 00000002h   
MessageBox . . . . . . . . . . .	Text   	 MessageBoxA
NULL . . . . . . . . . . . . . .	Number	 00000000h   
NUMLOCK_ON . . . . . . . . . . .	Number	 00000020h   
OPEN_ALWAYS  . . . . . . . . . .	Number	 00000004h   
OPEN_EXISTING  . . . . . . . . .	Number	 00000003h   
PeekConsoleInput . . . . . . . .	Text   	 PeekConsoleInputA
RIGHT_ALT_PRESSED  . . . . . . .	Number	 00000001h   
RIGHT_CTRL_PRESSED . . . . . . .	Number	 00000004h   
ReadConsoleInput . . . . . . . .	Text   	 ReadConsoleInputA
ReadConsole  . . . . . . . . . .	Text   	 ReadConsoleA
SCROLLLOCK_ON  . . . . . . . . .	Number	 00000040h   
SHIFT_MASK . . . . . . . . . . .	Number	 00000010h   
SHIFT_PRESSED  . . . . . . . . .	Number	 00000010h   
STD_ERROR_HANDLE . . . . . . . .	Number	 -0000000Ch   
STD_INPUT_HANDLE . . . . . . . .	Number	 -0000000Ah   
STD_OUTPUT_HANDLE  . . . . . . .	Number	 -0000000Bh   
SetConsoleTitle  . . . . . . . .	Text   	 SetConsoleTitleA
TAB  . . . . . . . . . . . . . .	Number	 00000009h   
TRUE . . . . . . . . . . . . . .	Number	 00000001h   
TRUNCATE_EXISTING  . . . . . . .	Number	 00000005h   
VK_11  . . . . . . . . . . . . .	Number	 000000BDh   
VK_12  . . . . . . . . . . . . .	Number	 000000BBh   
VK_ADD . . . . . . . . . . . . .	Number	 0000006Bh   
VK_BACK  . . . . . . . . . . . .	Number	 00000008h   
VK_CANCEL  . . . . . . . . . . .	Number	 00000003h   
VK_CAPITAL . . . . . . . . . . .	Number	 00000014h   
VK_CLEAR . . . . . . . . . . . .	Number	 0000000Ch   
VK_CONTROL . . . . . . . . . . .	Number	 00000011h   
VK_DECIMAL . . . . . . . . . . .	Number	 0000006Eh   
VK_DELETE  . . . . . . . . . . .	Number	 0000002Eh   
VK_DIVIDE  . . . . . . . . . . .	Number	 0000006Fh   
VK_DOWN  . . . . . . . . . . . .	Number	 00000028h   
VK_END . . . . . . . . . . . . .	Number	 00000023h   
VK_ESCAPE  . . . . . . . . . . .	Number	 0000001Bh   
VK_EXECUTE . . . . . . . . . . .	Number	 0000002Bh   
VK_F10 . . . . . . . . . . . . .	Number	 00000079h   
VK_F11 . . . . . . . . . . . . .	Number	 0000007Ah   
VK_F12 . . . . . . . . . . . . .	Number	 0000007Bh   
VK_F13 . . . . . . . . . . . . .	Number	 0000007Ch   
VK_F14 . . . . . . . . . . . . .	Number	 0000007Dh   
VK_F15 . . . . . . . . . . . . .	Number	 0000007Eh   
VK_F16 . . . . . . . . . . . . .	Number	 0000007Fh   
VK_F17 . . . . . . . . . . . . .	Number	 00000080h   
VK_F18 . . . . . . . . . . . . .	Number	 00000081h   
VK_F19 . . . . . . . . . . . . .	Number	 00000082h   
VK_F1  . . . . . . . . . . . . .	Number	 00000070h   
VK_F20 . . . . . . . . . . . . .	Number	 00000083h   
VK_F21 . . . . . . . . . . . . .	Number	 00000084h   
VK_F22 . . . . . . . . . . . . .	Number	 00000085h   
VK_F23 . . . . . . . . . . . . .	Number	 00000086h   
VK_F24 . . . . . . . . . . . . .	Number	 00000087h   
VK_F2  . . . . . . . . . . . . .	Number	 00000071h   
VK_F3  . . . . . . . . . . . . .	Number	 00000072h   
VK_F4  . . . . . . . . . . . . .	Number	 00000073h   
VK_F5  . . . . . . . . . . . . .	Number	 00000074h   
VK_F6  . . . . . . . . . . . . .	Number	 00000075h   
VK_F7  . . . . . . . . . . . . .	Number	 00000076h   
VK_F8  . . . . . . . . . . . . .	Number	 00000077h   
VK_F9  . . . . . . . . . . . . .	Number	 00000078h   
VK_HELP  . . . . . . . . . . . .	Number	 0000002Fh   
VK_HOME  . . . . . . . . . . . .	Number	 00000024h   
VK_INSERT  . . . . . . . . . . .	Number	 0000002Dh   
VK_LBUTTON . . . . . . . . . . .	Number	 00000001h   
VK_LCONTROL  . . . . . . . . . .	Number	 000000A2h   
VK_LEFT  . . . . . . . . . . . .	Number	 00000025h   
VK_LMENU . . . . . . . . . . . .	Number	 000000A4h   
VK_LSHIFT  . . . . . . . . . . .	Number	 000000A0h   
VK_MENU  . . . . . . . . . . . .	Number	 00000012h   
VK_MULTIPLY  . . . . . . . . . .	Number	 0000006Ah   
VK_NEXT  . . . . . . . . . . . .	Number	 00000022h   
VK_NUMLOCK . . . . . . . . . . .	Number	 00000090h   
VK_NUMPAD0 . . . . . . . . . . .	Number	 00000060h   
VK_NUMPAD1 . . . . . . . . . . .	Number	 00000061h   
VK_NUMPAD2 . . . . . . . . . . .	Number	 00000062h   
VK_NUMPAD3 . . . . . . . . . . .	Number	 00000063h   
VK_NUMPAD4 . . . . . . . . . . .	Number	 00000064h   
VK_NUMPAD5 . . . . . . . . . . .	Number	 00000065h   
VK_NUMPAD6 . . . . . . . . . . .	Number	 00000066h   
VK_NUMPAD7 . . . . . . . . . . .	Number	 00000067h   
VK_NUMPAD8 . . . . . . . . . . .	Number	 00000068h   
VK_NUMPAD9 . . . . . . . . . . .	Number	 00000069h   
VK_PAUSE . . . . . . . . . . . .	Number	 00000013h   
VK_PRINT . . . . . . . . . . . .	Number	 0000002Ah   
VK_PRIOR . . . . . . . . . . . .	Number	 00000021h   
VK_RBUTTON . . . . . . . . . . .	Number	 00000002h   
VK_RCONTROL  . . . . . . . . . .	Number	 000000A3h   
VK_RETURN  . . . . . . . . . . .	Number	 0000000Dh   
VK_RIGHT . . . . . . . . . . . .	Number	 00000027h   
VK_RMENU . . . . . . . . . . . .	Number	 000000A5h   
VK_RSHIFT  . . . . . . . . . . .	Number	 000000A1h   
VK_SCROLL  . . . . . . . . . . .	Number	 00000091h   
VK_SEPARATER . . . . . . . . . .	Number	 0000006Ch   
VK_SHIFT . . . . . . . . . . . .	Number	 00000010h   
VK_SNAPSHOT  . . . . . . . . . .	Number	 0000002Ch   
VK_SPACE . . . . . . . . . . . .	Number	 00000020h   
VK_SUBTRACT  . . . . . . . . . .	Number	 0000006Dh   
VK_TAB . . . . . . . . . . . . .	Number	 00000009h   
VK_UP  . . . . . . . . . . . . .	Number	 00000026h   
WINDOW_BUFFER_SIZE_EVENT . . . .	Number	 00000004h   
WriteConsoleOutputCharacter  . .	Text   	 WriteConsoleOutputCharacterA
WriteConsole . . . . . . . . . .	Text   	 WriteConsoleA
black  . . . . . . . . . . . . .	Number	 00000000h   
blue . . . . . . . . . . . . . .	Number	 00000001h   
brown  . . . . . . . . . . . . .	Number	 00000006h   
cyan . . . . . . . . . . . . . .	Number	 00000003h   
exit . . . . . . . . . . . . . .	Text   	 INVOKE ExitProcess,0
gray . . . . . . . . . . . . . .	Number	 00000008h   
green  . . . . . . . . . . . . .	Number	 00000002h   
lightBlue  . . . . . . . . . . .	Number	 00000009h   
lightCyan  . . . . . . . . . . .	Number	 0000000Bh   
lightGray  . . . . . . . . . . .	Number	 00000007h   
lightGreen . . . . . . . . . . .	Number	 0000000Ah   
lightMagenta . . . . . . . . . .	Number	 0000000Dh   
lightRed . . . . . . . . . . . .	Number	 0000000Ch   
magenta  . . . . . . . . . . . .	Number	 00000005h   
red  . . . . . . . . . . . . . .	Number	 00000004h   
v11025hz . . . . . . . . . . . .	Byte	 000000FE _DATA	
v12000hz . . . . . . . . . . . .	Byte	 00000119 _DATA	
v16000hz . . . . . . . . . . . .	Byte	 0000012B _DATA	
v22050hz . . . . . . . . . . . .	Byte	 000000F5 _DATA	
v24000hz . . . . . . . . . . . .	Byte	 00000110 _DATA	
v32000hz . . . . . . . . . . . .	Byte	 00000122 _DATA	
v44100hz . . . . . . . . . . . .	Byte	 000000EC _DATA	
v48000hz . . . . . . . . . . . .	Byte	 00000107 _DATA	
v8000hz  . . . . . . . . . . . .	Byte	 00000134 _DATA	
vAssignment  . . . . . . . . . .	Byte	 0000006F _DATA	
vLayer1  . . . . . . . . . . . .	Byte	 000000E4 _DATA	
vLayer2  . . . . . . . . . . . .	Byte	 000000DB _DATA	
vLayer3  . . . . . . . . . . . .	Byte	 000000D1 _DATA	
vMpeg10  . . . . . . . . . . . .	Byte	 0000002E _DATA	
vMpeg20  . . . . . . . . . . . .	Byte	 00000017 _DATA	
vMpeg25  . . . . . . . . . . . .	Byte	 00000000 _DATA	
vMpegRe  . . . . . . . . . . . .	Byte	 00000045 _DATA	
vName  . . . . . . . . . . . . .	Byte	 00000087 _DATA	
vPrompt  . . . . . . . . . . . .	Byte	 00000097 _DATA	
vReserved  . . . . . . . . . . .	Byte	 000000C8 _DATA	
vSemester  . . . . . . . . . . .	Byte	 00000053 _DATA	
white  . . . . . . . . . . . . .	Number	 0000000Fh   
wsprintf . . . . . . . . . . . .	Text   	 wsprintfA
yellow . . . . . . . . . . . . .	Number	 0000000Eh   

	   0 Warnings
	   0 Errors
